build/app/outputs/mapping/release/seeds.txt
com.techsales.sbcb_driver.MainActivity: MainActivity()
com.techsales.sbcb_driver.MainActivity
...
androidx.window.embedding.SplitPairRule: boolean equals(java.lang.Object)
androidx.window.embedding.SplitController: void access$setStaticSplitRules(androidx.window.embedding.SplitController,java.util.Set)
androidx.cardview.widget.CardView: void setMinimumWidth(int)
androidx.window.R$attr: int clearTop
com.dexterous.flutterlocalnotifications.models.NotificationDetails
androidx.work.impl.background.systemalarm.ConstraintProxy$BatteryNotLowProxy: ConstraintProxy$BatteryNotLowProxy()
org.threeten.bp.temporal.ChronoField: org.threeten.bp.temporal.ChronoField[] values()
io.flutter.embedding.engine.FlutterJNI: io.flutter.view.FlutterCallbackInformation nativeLookupCallbackInformation(long)
com.google.android.gms.common.ConnectionResult: android.os.Parcelable$Creator CREATOR
com.google.android.gms.internal.measurement.zzej: boolean zzk
com.dexterous.flutterlocalnotifications.FlutterLocalNotificationsPlugin: java.lang.String ZONED_SCHEDULE_METHOD
androidx.window.layout.FoldingFeature$OcclusionType: androidx.window.layout.FoldingFeature$OcclusionType FULL
com.baseflow.geolocator.location.LocationAccuracy: com.baseflow.geolocator.location.LocationAccuracy[] values()
com.dexterous.flutterlocalnotifications.FlutterLocalNotificationsPlugin: java.lang.String CREATE_NOTIFICATION_CHANNEL_METHOD
com.google.android.gms.internal.measurement.zzgh: int zze
com.dexterous.flutterlocalnotifications.BitmapSource: com.dexterous.flutterlocalnotifications.BitmapSource valueOf(java.lang.String)
org.threeten.bp.chrono.HijrahEra: java.lang.Object writeReplace()
androidx.window.layout.FoldingFeature$Orientation: androidx.window.layout.FoldingFeature$Orientation HORIZONTAL
androidx.window.layout.ExtensionInterfaceCompat
androidx.window.embedding.ActivityRule: boolean getAlwaysExpand()
androidx.window.R$attr: int splitMinSmallestWidth
androidx.window.embedding.ExtensionEmbeddingBackend$EmbeddingCallbackImpl: androidx.window.embedding.ExtensionEmbeddingBackend this$0
androidx.window.layout.SidecarAdapter$Companion
androidx.window.layout.FoldingFeature$Orientation$Companion
com.google.android.datatransport.cct.internal.QosTier: com.google.android.datatransport.cct.internal.QosTier[] values()
com.dexterous.flutterlocalnotifications.models.NotificationDetails: java.lang.String COLOR_BLUE
com.google.android.gms.measurement.AppMeasurement$ConditionalUserProperty: java.lang.String mTimedOutEventName
androidx.window.embedding.EmbeddingAdapter: androidx.window.embedding.SplitInfo translate(androidx.window.extensions.embedding.SplitInfo)
androidx.window.embedding.EmbeddingCompat: androidx.window.embedding.EmbeddingCompat$Companion Companion
androidx.window.layout.FoldingFeature$Orientation: java.lang.String description
kotlin.jvm.internal.CallableReference: java.lang.String signature
androidx.window.embedding.ExtensionEmbeddingBackend: androidx.window.embedding.EmbeddingInterfaceCompat getEmbeddingExtension()
androidx.window.layout.WindowInfoTrackerImpl$windowLayoutInfo$1: java.lang.Object L$2
androidx.window.core.Version: java.lang.String toString()
kotlinx.coroutines.CommonPool: java.util.concurrent.Executor pool
androidx.window.layout.SidecarCompat$DistinctSidecarElementCallback: androidx.window.sidecar.SidecarInterface$SidecarCallback callbackInterface
androidx.window.embedding.SplitRule$Api30Impl: androidx.window.embedding.SplitRule$Api30Impl INSTANCE
androidx.window.layout.SidecarWindowBackend$WindowLayoutChangeCallbackWrapper: void accept(androidx.window.layout.WindowLayoutInfo)
androidx.window.java.layout.WindowInfoTrackerCallbackAdapter$addListener$1$1$invokeSuspend$$inlined$collect$1
com.google.android.gms.measurement.internal.AppMeasurementDynamiteService: void getAppInstanceId(com.google.android.gms.internal.measurement.zzcf)
kotlin.jvm.internal.FunctionReferenceImpl: FunctionReferenceImpl(int,kotlin.reflect.KDeclarationContainer,java.lang.String,java.lang.String)