build/app/outputs/mapping/release/mapping.txt
# compiler: R8
# compiler_version: 2.1.86
# min_api: 20
# pg_map_id: 9ca2b96
# common_typos_disable
...
com.google.android.gms.internal.measurement.zzeg -> f.b.a.b.e.h.b3:
    int zza() -> u
    int zzb() -> v
    com.google.android.gms.internal.measurement.zzeg zzc(int,com.google.android.gms.internal.measurement.zzei) -> w
    com.google.android.gms.internal.measurement.zzeg zzd(int,com.google.android.gms.internal.measurement.zzer) -> x
    com.google.android.gms.internal.measurement.zzej zze(int) -> y
    com.google.android.gms.internal.measurement.zzes zzf(int) -> z
com.google.android.gms.internal.measurement.zzeh -> f.b.a.b.e.h.c3:
    int zza() -> A
    int zzb() -> B
    int zzc() -> C
    com.google.android.gms.internal.measurement.zzeh zzd() -> D
    com.google.android.gms.internal.measurement.zzej zze(int) -> E
    com.google.android.gms.internal.measurement.zzes zzf(int) -> F
    java.util.List zzg() -> G
    java.util.List zzh() -> H
    void zzi(com.google.android.gms.internal.measurement.zzeh,int,com.google.android.gms.internal.measurement.zzes) -> I
    void zzj(com.google.android.gms.internal.measurement.zzeh,int,com.google.android.gms.internal.measurement.zzej) -> J
    boolean zzk() -> K
    java.lang.Object zzl(int,java.lang.Object,java.lang.Object) -> z
com.google.android.gms.internal.measurement.zzei -> f.b.a.b.e.h.d3:
    int zza() -> u
    com.google.android.gms.internal.measurement.zzei zzb(java.lang.String) -> v
    com.google.android.gms.internal.measurement.zzei zzc(int,com.google.android.gms.internal.measurement.zzel) -> w
    com.google.android.gms.internal.measurement.zzel zzd(int) -> x
    java.lang.String zze() -> y
com.google.android.gms.internal.measurement.zzej -> f.b.a.b.e.h.e3:
    int zza() -> A
    int zzb() -> B
    com.google.android.gms.internal.measurement.zzei zzc() -> C
    com.google.android.gms.internal.measurement.zzej zzd() -> D
    com.google.android.gms.internal.measurement.zzel zze(int) -> E
    com.google.android.gms.internal.measurement.zzeq zzf() -> F
    java.lang.String zzg() -> G
    java.util.List zzh() -> H
    void zzi(com.google.android.gms.internal.measurement.zzej,java.lang.String) -> I
    void zzj(com.google.android.gms.internal.measurement.zzej,int,com.google.android.gms.internal.measurement.zzel) -> J
    boolean zzk() -> K
    boolean zzm() -> L
    boolean zzn() -> M
    boolean zzo() -> N
    boolean zzp() -> O
    boolean zzq() -> P
    java.lang.Object zzl(int,java.lang.Object,java.lang.Object) -> z
com.google.android.gms.internal.measurement.zzek -> f.b.a.b.e.h.f3:
    com.google.android.gms.internal.measurement.zzek zza(java.lang.String) -> u
com.google.android.gms.internal.measurement.zzel -> f.b.a.b.e.h.g3:
    com.google.android.gms.internal.measurement.zzel zza() -> A
    com.google.android.gms.internal.measurement.zzel zzb() -> B
    com.google.android.gms.internal.measurement.zzeq zzc() -> C
    com.google.android.gms.internal.measurement.zzex zzd() -> D
    java.lang.String zze() -> E
    void zzf(com.google.android.gms.internal.measurement.zzel,java.lang.String) -> F
    boolean zzg() -> G
    boolean zzh() -> H
    boolean zzi() -> I
    boolean zzj() -> J
    boolean zzk() -> K
    java.lang.Object zzl(int,java.lang.Object,java.lang.Object) -> z
com.google.android.gms.internal.measurement.zzem -> f.b.a.b.e.h.h3:
com.google.android.gms.internal.measurement.zzeo -> f.b.a.b.e.h.i3:
    com.google.android.gms.internal.measurement.zzkb zza -> a
    boolean zza(int) -> d
com.google.android.gms.internal.measurement.zzep -> f.b.a.b.e.h.j3:
    int zza(int) -> a