build/app/outputs/mapping/release/usage.txt
com.techsales.sbcb_driver.R
com.techsales.sbcb_driver.R$styleable
com.techsales.sbcb_driver.R$integer
com.techsales.sbcb_driver.R$string
com.techsales.sbcb_driver.R$color
com.techsales.sbcb_driver.R$drawable
com.techsales.sbcb_driver.R$style
com.techsales.sbcb_driver.BuildConfig
com.techsales.sbcb_driver.R$bool
com.techsales.sbcb_driver.R$attr
com.techsales.sbcb_driver.R$layout
com.techsales.sbcb_driver.R$raw
com.techsales.sbcb_driver.R$id
com.techsales.sbcb_driver.R$xml
com.techsales.sbcb_driver.R$dimen
com.techsales.sbcb_driver.R$mipmap
...
kotlinx.coroutines.selects.WhileSelectKt$whileSelect$1
androidx.core.provider.FontRequest
kotlinx.coroutines.flow.FlowKt__TransformKt$filterIsInstance$$inlined$filter$1$1
androidx.media.MediaSessionManager$RemoteUserInfo
androidx.core.graphics.TypefaceCompatApi28Impl
com.google.android.gms.common.providers.PooledExecutorsProvider$PooledExecutorFactory
android.support.v4.media.session.MediaSessionCompat$MediaSessionImplBase$MessageHandler
io.flutter.plugins.imagepicker.R$styleable
com.google.android.gms.common.internal.IGmsServiceBroker$Stub
com.google.android.gms.location.LocationSettingsRequest$Builder:
    public final com.google.android.gms.location.LocationSettingsRequest$Builder addAllLocationRequests(java.util.Collection)
    public final com.google.android.gms.location.LocationSettingsRequest$Builder setAlwaysShow(boolean)
    public final com.google.android.gms.location.LocationSettingsRequest$Builder setNeedBle(boolean)
com.google.android.gms.common.util.MapUtils
io.flutter.plugins.googlemaps.TileOverlaySink:
    public abstract void setTileProvider(com.google.android.gms.maps.model.TileProvider)
be.tramckrijte.workmanager.R$string
kotlinx.coroutines.internal.MissingMainCoroutineDispatcherFactory
com.google.firebase.components.Lazy:
    void <init>(java.lang.Object)
    boolean isInitialized()
kotlinx.coroutines.flow.FlowKt__ReduceKt$firstOrNull$1
com.google.android.gms.common.api.internal.zabf
kotlin.internal.LowPriorityInOverloadResolution
androidx.core.net.ConnectivityManagerCompat$RestrictBackgroundStatus
com.google.gson.LongSerializationPolicy$1:
    public com.google.gson.JsonElement serialize(java.lang.Long)
kotlin.time.DurationUnitKt
androidx.localbroadcastmanager.R
com.google.gson.internal.LinkedHashTreeMap$EntrySet
com.google.android.gms.maps.SupportMapFragment
kotlin.ranges.ClosedRange
io.flutter.plugins.connectivity.R$attr
androidx.lifecycle.ViewModelProvider$NewInstanceFactory
androidx.lifecycle.ViewModelProvider:
    public void <init>(androidx.lifecycle.ViewModelStoreOwner,androidx.lifecycle.ViewModelProvider$Factory)
    private static final java.lang.String DEFAULT_KEY
androidx.work.impl.model.WorkNameDao:
    public abstract java.util.List getWorkSpecIdsWithName(java.lang.String)
androidx.core.view.WindowInsetsAnimationCompat$Impl21$Impl21OnApplyWindowInsetsListener
androidx.loader.app.LoaderManager:
    public static void enableDebugLogging(boolean)
    public abstract androidx.loader.content.Loader initLoader(int,android.os.Bundle,androidx.loader.app.LoaderManager$LoaderCallbacks)
    public abstract androidx.loader.content.Loader restartLoader(int,android.os.Bundle,androidx.loader.app.LoaderManager$LoaderCallbacks)
    public abstract void destroyLoader(int)
    public abstract androidx.loader.content.Loader getLoader(int)
    public boolean hasRunningLoaders()
androidx.core.provider.SelfDestructiveThread$2
kotlinx.coroutines.flow.FlowKt__ReduceKt$fold$1
androidx.loader.R$integer
androidx.core.graphics.TypefaceCompatApi26Impl
androidx.core.view.DragStartHelper$2
androidx.arch.core.util.Function:
    public abstract java.lang.Object apply(java.lang.Object)
kotlin.collections.CollectionsKt__IteratorsKt:
    private static final java.util.Iterator iterator(java.util.Iterator)
    public static final java.util.Iterator withIndex(java.util.Iterator)
    public static final void forEach(java.util.Iterator,kotlin.jvm.functions.Function1)
    public void <init>()
com.google.firebase.datatransport.R$color
kotlinx.coroutines.internal.FastServiceLoader:
    private final kotlinx.coroutines.internal.MainDispatcherFactory createInstanceOf(java.lang.Class,java.lang.String)
    private final java.lang.Object use(java.util.jar.JarFile,kotlin.jvm.functions.Function1)
    private static final java.lang.String PREFIX
androidx.sqlite.db.SupportSQLiteOpenHelper:
    public abstract androidx.sqlite.db.SupportSQLiteDatabase getReadableDatabase()
com.google.android.gms.common.internal.Asserts